<?xml version="1.0" encoding="UTF-8"?>
<!-- Generated by org.testng.reporters.JUnitReportReporter -->
<testsuite name="com.jbk.TestCase1" tests="2" time="9.015" ignored="0" failures="0" timestamp="21 Aug 2021 15:54:40 GMT" skipped="0" hostname="Lokesh-PC" errors="0">
  <testcase name="Checktext1" time="4.749" classname="com.jbk.TestCase1"/>
  <testcase name="Checktext" time="4.266" classname="com.jbk.TestCase1"/>
</testsuite> <!-- com.jbk.TestCase1 -->
