<?xml version="1.0" encoding="UTF-8"?>
<!-- Generated by org.testng.reporters.JUnitReportReporter -->
<testsuite name="com.jbk.TestCase2" tests="1" time="4.839" ignored="0" failures="0" timestamp="21 Aug 2021 15:54:40 GMT" skipped="0" hostname="Lokesh-PC" errors="0">
  <testcase name="Checktext" time="4.839" classname="com.jbk.TestCase2"/>
</testsuite> <!-- com.jbk.TestCase2 -->
